# JRE version: Java(TM) SE Runtime Environment (17.0.2+8) (build 17.0.2+8-LTS-86)
# Java VM: Java HotSpot(TM) 64-Bit Server VM (17.0.2+8-LTS-86, mixed mode, sharing, tiered, compressed oops, compressed class ptrs, g1 gc, windows-amd64)
GC Precious Log:
 CPUs: 8 total, 8 available
 Memory: 7957M
 Large Page Support: Disabled
 NUMA Support: Disabled
 Compressed Oops: Enabled (32-bit)
 Heap Region Size: 1M
 Heap Min Capacity: 8M
 Heap Initial Capacity: 126M
 Heap Max Capacity: 1990M
 Pre-touch: Disabled
 Parallel Workers: 8
 Concurrent Workers: 2
 Concurrent Refinement Workers: 8
 Periodic GC: Disabled
Heap:
 garbage-first heap   total 163840K, used 67752K [0x0000000083a00000, 0x0000000100000000)
  region size 1024K, 17 young (17408K), 4 survivors (4096K)
 Metaspace       used 98628K, committed 99520K, reserved 1138688K
  class space    used 13289K, committed 13696K, reserved 1048576K
GC Heap History (20 events):
Event: 25.524 GC heap before
{Heap before GC invocations=40 (full 0):
 garbage-first heap   total 265216K, used 188426K [0x0000000083a00000, 0x0000000100000000)
  region size 1024K, 132 young (135168K), 9 survivors (9216K)
 Metaspace       used 77357K, committed 78016K, reserved 1122304K
  class space    used 10898K, committed 11200K, reserved 1048576K
}
Event: 25.529 GC heap after
{Heap after GC invocations=41 (full 0):
 garbage-first heap   total 265216K, used 59003K [0x0000000083a00000, 0x0000000100000000)
  region size 1024K, 5 young (5120K), 5 survivors (5120K)
 Metaspace       used 77357K, committed 78016K, reserved 1122304K
  class space    used 10898K, committed 11200K, reserved 1048576K
}
Event: 121.128 GC heap before
{Heap before GC invocations=41 (full 0):
 garbage-first heap   total 265216K, used 212603K [0x0000000083a00000, 0x0000000100000000)
  region size 1024K, 155 young (158720K), 5 survivors (5120K)
 Metaspace       used 87874K, committed 88576K, reserved 1130496K
  class space    used 12360K, committed 12672K, reserved 1048576K
}
Event: 121.241 GC heap after
{Heap after GC invocations=42 (full 0):
 garbage-first heap   total 265216K, used 65038K [0x0000000083a00000, 0x0000000100000000)
  region size 1024K, 11 young (11264K), 11 survivors (11264K)
 Metaspace       used 87874K, committed 88576K, reserved 1130496K
  class space    used 12360K, committed 12672K, reserved 1048576K
}
Event: 324.411 GC heap before
{Heap before GC invocations=42 (full 0):
 garbage-first heap   total 265216K, used 118286K [0x0000000083a00000, 0x0000000100000000)
  region size 1024K, 64 young (65536K), 11 survivors (11264K)
 Metaspace       used 92715K, committed 93504K, reserved 1130496K
  class space    used 12951K, committed 13312K, reserved 1048576K
}
Event: 325.107 GC heap after
{Heap after GC invocations=43 (full 1):
 garbage-first heap   total 163840K, used 45960K [0x0000000083a00000, 0x0000000100000000)
  region size 1024K, 0 young (0K), 0 survivors (0K)
 Metaspace       used 92696K, committed 93504K, reserved 1130496K
  class space    used 12948K, committed 13312K, reserved 1048576K
}
Event: 331.705 GC heap before
{Heap before GC invocations=43 (full 1):
 garbage-first heap   total 163840K, used 126856K [0x0000000083a00000, 0x0000000100000000)
  region size 1024K, 79 young (80896K), 0 survivors (0K)
 Metaspace       used 93913K, committed 94656K, reserved 1138688K
  class space    used 13019K, committed 13376K, reserved 1048576K
}
Event: 331.723 GC heap after
{Heap after GC invocations=44 (full 1):
 garbage-first heap   total 163840K, used 52326K [0x0000000083a00000, 0x0000000100000000)
  region size 1024K, 7 young (7168K), 7 survivors (7168K)
 Metaspace       used 93913K, committed 94656K, reserved 1138688K
  class space    used 13019K, committed 13376K, reserved 1048576K
}
Event: 336.863 GC heap before
{Heap before GC invocations=44 (full 1):
 garbage-first heap   total 163840K, used 113766K [0x0000000083a00000, 0x0000000100000000)
  region size 1024K, 68 young (69632K), 7 survivors (7168K)
 Metaspace       used 95028K, committed 95872K, reserved 1138688K
  class space    used 13070K, committed 13440K, reserved 1048576K
}
Event: 336.924 GC heap after
{Heap after GC invocations=45 (full 2):
 garbage-first heap   total 163840K, used 45866K [0x0000000083a00000, 0x0000000100000000)
  region size 1024K, 0 young (0K), 0 survivors (0K)
 Metaspace       used 95009K, committed 95872K, reserved 1138688K
  class space    used 13067K, committed 13440K, reserved 1048576K
}
Event: 339.321 GC heap before
{Heap before GC invocations=45 (full 2):
 garbage-first heap   total 163840K, used 126762K [0x0000000083a00000, 0x0000000100000000)
  region size 1024K, 79 young (80896K), 0 survivors (0K)
 Metaspace       used 95885K, committed 96704K, reserved 1138688K
  class space    used 13127K, committed 13504K, reserved 1048576K
}
Event: 339.326 GC heap after
{Heap after GC invocations=46 (full 2):
 garbage-first heap   total 163840K, used 51951K [0x0000000083a00000, 0x0000000100000000)
  region size 1024K, 6 young (6144K), 6 survivors (6144K)
 Metaspace       used 95885K, committed 96704K, reserved 1138688K
  class space    used 13127K, committed 13504K, reserved 1048576K
}
Event: 425.605 GC heap before
{Heap before GC invocations=46 (full 2):
 garbage-first heap   total 163840K, used 126703K [0x0000000083a00000, 0x0000000100000000)
  region size 1024K, 80 young (81920K), 6 survivors (6144K)
 Metaspace       used 96923K, committed 97728K, reserved 1138688K
  class space    used 13187K, committed 13568K, reserved 1048576K
}
Event: 425.679 GC heap after
{Heap after GC invocations=47 (full 2):
 garbage-first heap   total 163840K, used 54345K [0x0000000083a00000, 0x0000000100000000)
  region size 1024K, 4 young (4096K), 4 survivors (4096K)
 Metaspace       used 96923K, committed 97728K, reserved 1138688K
  class space    used 13187K, committed 13568K, reserved 1048576K
}
Event: 448.748 GC heap before
{Heap before GC invocations=47 (full 2):
 garbage-first heap   total 163840K, used 60489K [0x0000000083a00000, 0x0000000100000000)
  region size 1024K, 11 young (11264K), 4 survivors (4096K)
 Metaspace       used 96934K, committed 97728K, reserved 1138688K
  class space    used 13188K, committed 13568K, reserved 1048576K
}
Event: 449.699 GC heap after
{Heap after GC invocations=48 (full 3):
 garbage-first heap   total 163840K, used 47085K [0x0000000083a00000, 0x0000000100000000)
  region size 1024K, 0 young (0K), 0 survivors (0K)
 Metaspace       used 96896K, committed 97728K, reserved 1138688K
  class space    used 13183K, committed 13568K, reserved 1048576K
}
Event: 455.873 GC heap before
{Heap before GC invocations=48 (full 3):
 garbage-first heap   total 163840K, used 127981K [0x0000000083a00000, 0x0000000100000000)
  region size 1024K, 79 young (80896K), 0 survivors (0K)
 Metaspace       used 97716K, committed 98624K, reserved 1138688K
  class space    used 13244K, committed 13696K, reserved 1048576K
}
Event: 455.888 GC heap after
{Heap after GC invocations=49 (full 3):
 garbage-first heap   total 163840K, used 53435K [0x0000000083a00000, 0x0000000100000000)
  region size 1024K, 7 young (7168K), 7 survivors (7168K)
 Metaspace       used 97716K, committed 98624K, reserved 1138688K
  class space    used 13244K, committed 13696K, reserved 1048576K
}
Event: 548.060 GC heap before
{Heap before GC invocations=49 (full 3):
 garbage-first heap   total 163840K, used 128187K [0x0000000083a00000, 0x0000000100000000)
  region size 1024K, 80 young (81920K), 7 survivors (7168K)
 Metaspace       used 98600K, committed 99520K, reserved 1138688K
  class space    used 13289K, committed 13696K, reserved 1048576K
}
Event: 548.222 GC heap after
{Heap after GC invocations=50 (full 3):
 garbage-first heap   total 163840K, used 55464K [0x0000000083a00000, 0x0000000100000000)
  region size 1024K, 4 young (4096K), 4 survivors (4096K)
 Metaspace       used 98600K, committed 99520K, reserved 1138688K
  class space    used 13289K, committed 13696K, reserved 1048576K
}

